titlebar_library/build/intermediates/manifest_merge_blame_file/debug/manifest-merger-blame-debug-report.txt
1<?xml version="1.0" encoding="utf-8"?>
2<manifest xmlns:android="http://schemas.android.com/apk/res/android"
3    package="com.wuhenzhizao.titlebar"
4    android:versionCode="7"
5    android:versionName="1.2.0" >
6
7    <uses-sdk
8        android:minSdkVersion="17"
8-->src/main/AndroidManifest.xml
9        android:targetSdkVersion="29" />
9-->src/main/AndroidManifest.xml
10
11    <application
11-->src/main/AndroidManifest.xml:5:5-10:19
12        android:allowBackup="true"
12-->src/main/AndroidManifest.xml:6:9-35
13        android:label="@string/app_name"
13-->src/main/AndroidManifest.xml:7:9-41
14        android:supportsRtl="true" >
14-->src/main/AndroidManifest.xml:8:9-35
15    </application>
16
17</manifest>